This file contains any messages produced by compilers while
running configure, to aid debugging if configure makes a mistake.

It was created by singularity configure 2.5.0, which was
generated by GNU Autoconf 2.69.  Invocation command line was

  $ ./configure --prefix=/usr/local --sysconfdir=/etc

## --------- ##
## Platform. ##
## --------- ##

hostname = TeamZMART
uname -m = x86_64
uname -r = 5.8.0-63-generic
uname -s = Linux
uname -v = #71~20.04.1-Ubuntu SMP Thu Jul 15 17:46:08 UTC 2021

/usr/bin/uname -p = x86_64
/bin/uname -X     = unknown

/bin/arch              = x86_64
/usr/bin/arch -k       = unknown
/usr/convex/getsysinfo = unknown
/usr/bin/hostinfo      = unknown
/bin/machine           = unknown
/usr/bin/oslevel       = unknown
/bin/universe          = unknown

PATH: /home/calogero/miniconda3/bin
PATH: /home/calogero/miniconda3/condabin
PATH: /home/calogero/google-cloud-sdk/bin
PATH: /usr/local/sbin
PATH: /usr/local/bin
PATH: /usr/sbin
PATH: /usr/bin
PATH: /sbin
PATH: /bin
PATH: /usr/games
PATH: /usr/local/games
PATH: /snap/bin
PATH: /usr/local/cuda-11.2/bin
PATH: /home/calogero/.npm-global/bin
PATH: /usr/local/cuda-11.2/bin
PATH: /home/calogero/.npm-global/bin


## ----------- ##
## Core tests. ##
## ----------- ##

configure:2287: checking build system type
configure:2301: result: x86_64-pc-linux-gnu
configure:2321: checking host system type
configure:2334: result: x86_64-pc-linux-gnu
configure:2354: checking target system type
configure:2367: result: x86_64-pc-linux-gnu
configure:2429: checking for a BSD-compatible install
configure:2497: result: /usr/bin/install -c
configure:2508: checking whether build environment is sane
configure:2563: result: yes
configure:2712: checking for a thread-safe mkdir -p
configure:2751: result: /usr/bin/mkdir -p
configure:2758: checking for gawk
configure:2788: result: no
configure:2758: checking for mawk
configure:2774: found /usr/bin/mawk
configure:2785: result: mawk
configure:2796: checking whether make sets $(MAKE)
configure:2818: result: yes
configure:2847: checking whether make supports nested variables
configure:2864: result: yes
configure:2998: checking whether make supports the include directive
configure:3013: make -f confmf.GNU && cat confinc.out
this is the am__doit target
configure:3016: $? = 0
configure:3035: result: yes (GNU style)
configure:3105: checking for gcc
configure:3121: found /usr/bin/gcc
configure:3132: result: gcc
configure:3361: checking for C compiler version
configure:3370: gcc --version >&5
gcc (Ubuntu 9.3.0-17ubuntu1~20.04) 9.3.0
Copyright (C) 2019 Free Software Foundation, Inc.
This is free software; see the source for copying conditions.  There is NO
warranty; not even for MERCHANTABILITY or FITNESS FOR A PARTICULAR PURPOSE.

configure:3381: $? = 0
configure:3370: gcc -v >&5
Using built-in specs.
COLLECT_GCC=gcc
COLLECT_LTO_WRAPPER=/usr/lib/gcc/x86_64-linux-gnu/9/lto-wrapper
OFFLOAD_TARGET_NAMES=nvptx-none:hsa
OFFLOAD_TARGET_DEFAULT=1
Target: x86_64-linux-gnu
Configured with: ../src/configure -v --with-pkgversion='Ubuntu 9.3.0-17ubuntu1~20.04' --with-bugurl=file:///usr/share/doc/gcc-9/README.Bugs --enable-languages=c,ada,c++,go,brig,d,fortran,objc,obj-c++,gm2 --prefix=/usr --with-gcc-major-version-only --program-suffix=-9 --program-prefix=x86_64-linux-gnu- --enable-shared --enable-linker-build-id --libexecdir=/usr/lib --without-included-gettext --enable-threads=posix --libdir=/usr/lib --enable-nls --enable-clocale=gnu --enable-libstdcxx-debug --enable-libstdcxx-time=yes --with-default-libstdcxx-abi=new --enable-gnu-unique-object --disable-vtable-verify --enable-plugin --enable-default-pie --with-system-zlib --with-target-system-zlib=auto --enable-objc-gc=auto --enable-multiarch --disable-werror --with-arch-32=i686 --with-abi=m64 --with-multilib-list=m32,m64,mx32 --enable-multilib --with-tune=generic --enable-offload-targets=nvptx-none=/build/gcc-9-HskZEa/gcc-9-9.3.0/debian/tmp-nvptx/usr,hsa --without-cuda-driver --enable-checking=release --build=x86_64-linux-gnu --host=x86_64-linux-gnu --target=x86_64-linux-gnu
Thread model: posix
gcc version 9.3.0 (Ubuntu 9.3.0-17ubuntu1~20.04) 
configure:3381: $? = 0
configure:3370: gcc -V >&5
gcc: error: unrecognized command line option '-V'
gcc: fatal error: no input files
compilation terminated.
configure:3381: $? = 1
configure:3370: gcc -qversion >&5
gcc: error: unrecognized command line option '-qversion'; did you mean '--version'?
gcc: fatal error: no input files
compilation terminated.
configure:3381: $? = 1
configure:3401: checking whether the C compiler works
configure:3423: gcc    conftest.c  >&5
configure:3427: $? = 0
configure:3475: result: yes
configure:3478: checking for C compiler default output file name
configure:3480: result: a.out
configure:3486: checking for suffix of executables
configure:3493: gcc -o conftest    conftest.c  >&5
configure:3497: $? = 0
configure:3519: result: 
configure:3541: checking whether we are cross compiling
configure:3549: gcc -o conftest    conftest.c  >&5
configure:3553: $? = 0
configure:3560: ./conftest
configure:3564: $? = 0
configure:3552: result: no
configure:3557: checking for suffix of object files
configure:3579: gcc -c   conftest.c >&5
configure:3583: $? = 0
configure:3604: result: o
configure:3608: checking whether we are using the GNU C compiler
configure:3627: gcc -c   conftest.c >&5
configure:3627: $? = 0
configure:3636: result: yes
configure:3645: checking whether gcc accepts -g
configure:3665: gcc -c -g  conftest.c >&5
configure:3665: $? = 0
configure:3706: result: yes
configure:3723: checking for gcc option to accept ISO C89
configure:3786: gcc  -c -g -O2  conftest.c >&5
configure:3786: $? = 0
configure:3799: result: none needed
configure:3824: checking whether gcc understands -c and -o together
configure:3846: gcc -c conftest.c -o conftest2.o
configure:3849: $? = 0
configure:3846: gcc -c conftest.c -o conftest2.o
configure:3849: $? = 0
configure:3861: result: yes
configure:3880: checking dependency style of gcc
configure:3991: result: gcc3
configure:4012: checking how to run the C preprocessor
configure:4043: gcc -E  conftest.c
configure:4043: $? = 0
configure:4057: gcc -E  conftest.c
conftest.c:11:10: fatal error: ac_nonexistent.h: No such file or directory
   11 | #include <ac_nonexistent.h>
      |          ^~~~~~~~~~~~~~~~~~
compilation terminated.
configure:4057: $? = 1
configure: failed program was:
| /* confdefs.h */
| #define PACKAGE_NAME "singularity"
| #define PACKAGE_TARNAME "singularity"
| #define PACKAGE_VERSION "2.5.0"
| #define PACKAGE_STRING "singularity 2.5.0"
| #define PACKAGE_BUGREPORT "gmkurtzer@gmail.com"
| #define PACKAGE_URL ""
| #define PACKAGE "singularity"
| #define VERSION "2.5.0"
| /* end confdefs.h.  */
| #include <ac_nonexistent.h>
configure:4082: result: gcc -E
configure:4102: gcc -E  conftest.c
configure:4102: $? = 0
configure:4116: gcc -E  conftest.c
conftest.c:11:10: fatal error: ac_nonexistent.h: No such file or directory
   11 | #include <ac_nonexistent.h>
      |          ^~~~~~~~~~~~~~~~~~
compilation terminated.
configure:4116: $? = 1
configure: failed program was:
| /* confdefs.h */
| #define PACKAGE_NAME "singularity"
| #define PACKAGE_TARNAME "singularity"
| #define PACKAGE_VERSION "2.5.0"
| #define PACKAGE_STRING "singularity 2.5.0"
| #define PACKAGE_BUGREPORT "gmkurtzer@gmail.com"
| #define PACKAGE_URL ""
| #define PACKAGE "singularity"
| #define VERSION "2.5.0"
| /* end confdefs.h.  */
| #include <ac_nonexistent.h>
configure:4145: checking for grep that handles long lines and -e
configure:4203: result: /usr/bin/grep
configure:4208: checking for egrep
configure:4270: result: /usr/bin/grep -E
configure:4275: checking for ANSI C header files
configure:4295: gcc -c -g -O2  conftest.c >&5
configure:4295: $? = 0
configure:4368: gcc -o conftest -g -O2   conftest.c  >&5
configure:4368: $? = 0
configure:4368: ./conftest
configure:4368: $? = 0
configure:4379: result: yes
configure:4392: checking for sys/types.h
configure:4392: gcc -c -g -O2  conftest.c >&5
configure:4392: $? = 0
configure:4392: result: yes
configure:4392: checking for sys/stat.h
configure:4392: gcc -c -g -O2  conftest.c >&5
configure:4392: $? = 0
configure:4392: result: yes
configure:4392: checking for stdlib.h
configure:4392: gcc -c -g -O2  conftest.c >&5
configure:4392: $? = 0
configure:4392: result: yes
configure:4392: checking for string.h
configure:4392: gcc -c -g -O2  conftest.c >&5
configure:4392: $? = 0
configure:4392: result: yes
configure:4392: checking for memory.h
configure:4392: gcc -c -g -O2  conftest.c >&5
configure:4392: $? = 0
configure:4392: result: yes
configure:4392: checking for strings.h
configure:4392: gcc -c -g -O2  conftest.c >&5
configure:4392: $? = 0
configure:4392: result: yes
configure:4392: checking for inttypes.h
configure:4392: gcc -c -g -O2  conftest.c >&5
configure:4392: $? = 0
configure:4392: result: yes
configure:4392: checking for stdint.h
configure:4392: gcc -c -g -O2  conftest.c >&5
configure:4392: $? = 0
configure:4392: result: yes
configure:4392: checking for unistd.h
configure:4392: gcc -c -g -O2  conftest.c >&5
configure:4392: $? = 0
configure:4392: result: yes
configure:4405: checking minix/config.h usability
configure:4405: gcc -c -g -O2  conftest.c >&5
conftest.c:54:10: fatal error: minix/config.h: No such file or directory
   54 | #include <minix/config.h>
      |          ^~~~~~~~~~~~~~~~
compilation terminated.
configure:4405: $? = 1
configure: failed program was:
| /* confdefs.h */
| #define PACKAGE_NAME "singularity"
| #define PACKAGE_TARNAME "singularity"
| #define PACKAGE_VERSION "2.5.0"
| #define PACKAGE_STRING "singularity 2.5.0"
| #define PACKAGE_BUGREPORT "gmkurtzer@gmail.com"
| #define PACKAGE_URL ""
| #define PACKAGE "singularity"
| #define VERSION "2.5.0"
| #define STDC_HEADERS 1
| #define HAVE_SYS_TYPES_H 1
| #define HAVE_SYS_STAT_H 1
| #define HAVE_STDLIB_H 1
| #define HAVE_STRING_H 1
| #define HAVE_MEMORY_H 1
| #define HAVE_STRINGS_H 1
| #define HAVE_INTTYPES_H 1
| #define HAVE_STDINT_H 1
| #define HAVE_UNISTD_H 1
| /* end confdefs.h.  */
| #include <stdio.h>
| #ifdef HAVE_SYS_TYPES_H
| # include <sys/types.h>
| #endif
| #ifdef HAVE_SYS_STAT_H
| # include <sys/stat.h>
| #endif
| #ifdef STDC_HEADERS
| # include <stdlib.h>
| # include <stddef.h>
| #else
| # ifdef HAVE_STDLIB_H
| #  include <stdlib.h>
| # endif
| #endif
| #ifdef HAVE_STRING_H
| # if !defined STDC_HEADERS && defined HAVE_MEMORY_H
| #  include <memory.h>
| # endif
| # include <string.h>
| #endif
| #ifdef HAVE_STRINGS_H
| # include <strings.h>
| #endif
| #ifdef HAVE_INTTYPES_H
| # include <inttypes.h>
| #endif
| #ifdef HAVE_STDINT_H
| # include <stdint.h>
| #endif
| #ifdef HAVE_UNISTD_H
| # include <unistd.h>
| #endif
| #include <minix/config.h>
configure:4405: result: no
configure:4405: checking minix/config.h presence
configure:4405: gcc -E  conftest.c
conftest.c:21:10: fatal error: minix/config.h: No such file or directory
   21 | #include <minix/config.h>
      |          ^~~~~~~~~~~~~~~~
compilation terminated.
configure:4405: $? = 1
configure: failed program was:
| /* confdefs.h */
| #define PACKAGE_NAME "singularity"
| #define PACKAGE_TARNAME "singularity"
| #define PACKAGE_VERSION "2.5.0"
| #define PACKAGE_STRING "singularity 2.5.0"
| #define PACKAGE_BUGREPORT "gmkurtzer@gmail.com"
| #define PACKAGE_URL ""
| #define PACKAGE "singularity"
| #define VERSION "2.5.0"
| #define STDC_HEADERS 1
| #define HAVE_SYS_TYPES_H 1
| #define HAVE_SYS_STAT_H 1
| #define HAVE_STDLIB_H 1
| #define HAVE_STRING_H 1
| #define HAVE_MEMORY_H 1
| #define HAVE_STRINGS_H 1
| #define HAVE_INTTYPES_H 1
| #define HAVE_STDINT_H 1
| #define HAVE_UNISTD_H 1
| /* end confdefs.h.  */
| #include <minix/config.h>
configure:4405: result: no
configure:4405: checking for minix/config.h
configure:4405: result: no
configure:4426: checking whether it is safe to define __EXTENSIONS__
configure:4444: gcc -c -g -O2  conftest.c >&5
configure:4444: $? = 0
configure:4451: result: yes
configure:4513: checking how to print strings
configure:4540: result: printf
configure:4561: checking for a sed that does not truncate output
configure:4625: result: /usr/bin/sed
configure:4643: checking for fgrep
configure:4705: result: /usr/bin/grep -F
configure:4740: checking for ld used by gcc
configure:4807: result: /usr/bin/ld
configure:4814: checking if the linker (/usr/bin/ld) is GNU ld
configure:4829: result: yes
configure:4841: checking for BSD- or MS-compatible name lister (nm)
configure:4895: result: /usr/bin/nm -B
configure:5025: checking the name lister (/usr/bin/nm -B) interface
configure:5032: gcc -c -g -O2  conftest.c >&5
configure:5035: /usr/bin/nm -B "conftest.o"
configure:5038: output
0000000000000000 B some_variable
configure:5039: result: BSD nm
configure:5042: checking whether ln -s works
configure:5046: result: yes
configure:5054: checking the maximum length of command line arguments
configure:5185: result: 1572864
configure:5233: checking how to convert x86_64-pc-linux-gnu file names to x86_64-pc-linux-gnu format
configure:5273: result: func_convert_file_noop
configure:5280: checking how to convert x86_64-pc-linux-gnu file names to toolchain format
configure:5300: result: func_convert_file_noop
configure:5307: checking for /usr/bin/ld option to reload object files
configure:5314: result: -r
configure:5388: checking for objdump
configure:5404: found /usr/bin/objdump
configure:5415: result: objdump
configure:5447: checking how to recognize dependent libraries
configure:5647: result: pass_all
configure:5732: checking for dlltool
configure:5762: result: no
configure:5792: checking how to associate runtime and link libraries
configure:5819: result: printf %s\n
configure:5879: checking for ar
configure:5895: found /usr/bin/ar
configure:5906: result: ar
configure:5943: checking for archiver @FILE support
configure:5960: gcc -c -g -O2  conftest.c >&5
configure:5960: $? = 0
configure:5963: ar cr libconftest.a @conftest.lst >&5
configure:5966: $? = 0
configure:5971: ar cr libconftest.a @conftest.lst >&5
ar: conftest.o: No such file or directory
configure:5974: $? = 1
configure:5973: result: @
configure:6031: checking for strip
configure:6047: found /usr/bin/strip
configure:6058: result: strip
configure:6130: checking for ranlib
configure:6146: found /usr/bin/ranlib
configure:6157: result: ranlib
configure:6259: checking command to parse /usr/bin/nm -B output from gcc object
configure:6412: gcc -c -g -O2  conftest.c >&5
configure:6415: $? = 0
configure:6419: /usr/bin/nm -B conftest.o | sed -n -e 's/^.*[	 ]\([ABCDGIRSTW][ABCDGIRSTW]*\)[	 ][	 ]*\([_A-Za-z][_A-Za-z0-9]*\)$/\1 \2 \2/p' | sed '/ __gnu_lto/d' > conftest.nm
configure:6485: gcc -o conftest -g -O2   conftest.c conftstm.o >&5
configure:6488: $? = 0
configure:6526: result: ok
configure:6573: checking for sysroot
configure:6603: result: no
configure:6610: checking for a working dd
configure:6648: result: /usr/bin/dd
configure:6652: checking how to truncate binary pipes
configure:6667: result: /usr/bin/dd bs=4096 count=1
configure:6803: gcc -c -g -O2  conftest.c >&5
configure:6806: $? = 0
configure:6996: checking for mt
configure:7012: found /usr/bin/mt
configure:7023: result: mt
configure:7046: checking if mt is a manifest tool
configure:7052: mt '-?'
configure:7060: result: no
configure:7734: checking for dlfcn.h
configure:7734: gcc -c -g -O2  conftest.c >&5
configure:7734: $? = 0
configure:7734: result: yes
configure:7990: checking for objdir
configure:8005: result: .libs
configure:8269: checking if gcc supports -fno-rtti -fno-exceptions
configure:8287: gcc -c -g -O2  -fno-rtti -fno-exceptions conftest.c >&5
cc1: warning: command line option '-fno-rtti' is valid for C++/D/ObjC++ but not for C
configure:8291: $? = 0
configure:8304: result: no
configure:8668: checking for gcc option to produce PIC
configure:8675: result: -fPIC -DPIC
configure:8683: checking if gcc PIC flag -fPIC -DPIC works
configure:8701: gcc -c -g -O2  -fPIC -DPIC -DPIC conftest.c >&5
configure:8705: $? = 0
configure:8718: result: yes
configure:8747: checking if gcc static flag -static works
configure:8775: result: yes
configure:8790: checking if gcc supports -c -o file.o
configure:8811: gcc -c -g -O2  -o out/conftest2.o conftest.c >&5
configure:8815: $? = 0
configure:8837: result: yes
configure:8845: checking if gcc supports -c -o file.o
configure:8892: result: yes
configure:8925: checking whether the gcc linker (/usr/bin/ld -m elf_x86_64) supports shared libraries
configure:10188: result: yes
configure:10225: checking whether -lc should be explicitly linked in
configure:10233: gcc -c -g -O2  conftest.c >&5
configure:10236: $? = 0
configure:10251: gcc -shared  -fPIC -DPIC conftest.o  -v -Wl,-soname -Wl,conftest -o conftest 2\>\&1 \| /usr/bin/grep  -lc  \>/dev/null 2\>\&1
configure:10254: $? = 0
configure:10268: result: no
configure:10428: checking dynamic linker characteristics
configure:11009: gcc -o conftest -g -O2   -Wl,-rpath -Wl,/foo conftest.c  >&5
configure:11009: $? = 0
configure:11258: result: GNU/Linux ld.so
configure:11380: checking how to hardcode library paths into programs
configure:11405: result: immediate
configure:11953: checking whether stripping libraries is possible
configure:11958: result: yes
configure:11993: checking if libtool supports shared libraries
configure:11995: result: yes
configure:11998: checking whether to build shared libraries
configure:12023: result: yes
configure:12026: checking whether to build static libraries
configure:12030: result: yes
configure:8891: checking for gcc
configure:8918: result: gcc
configure:9147: checking for C compiler version
configure:9156: gcc --version >&5
gcc (Ubuntu 9.3.0-17ubuntu1~20.04) 9.3.0
Copyright (C) 2019 Free Software Foundation, Inc.
This is free software; see the source for copying conditions.  There is NO
warranty; not even for MERCHANTABILITY or FITNESS FOR A PARTICULAR PURPOSE.

configure:9167: $? = 0
configure:9156: gcc -v >&5
Using built-in specs.
COLLECT_GCC=gcc
COLLECT_LTO_WRAPPER=/usr/lib/gcc/x86_64-linux-gnu/9/lto-wrapper
OFFLOAD_TARGET_NAMES=nvptx-none:hsa
OFFLOAD_TARGET_DEFAULT=1
Target: x86_64-linux-gnu
Configured with: ../src/configure -v --with-pkgversion='Ubuntu 9.3.0-17ubuntu1~20.04' --with-bugurl=file:///usr/share/doc/gcc-9/README.Bugs --enable-languages=c,ada,c++,go,brig,d,fortran,objc,obj-c++,gm2 --prefix=/usr --with-gcc-major-version-only --program-suffix=-9 --program-prefix=x86_64-linux-gnu- --enable-shared --enable-linker-build-id --libexecdir=/usr/lib --without-included-gettext --enable-threads=posix --libdir=/usr/lib --enable-nls --enable-clocale=gnu --enable-libstdcxx-debug --enable-libstdcxx-time=yes --with-default-libstdcxx-abi=new --enable-gnu-unique-object --disable-vtable-verify --enable-plugin --enable-default-pie --with-system-zlib --with-target-system-zlib=auto --enable-objc-gc=auto --enable-multiarch --disable-werror --with-arch-32=i686 --with-abi=m64 --with-multilib-list=m32,m64,mx32 --enable-multilib --with-tune=generic --enable-offload-targets=nvptx-none=/build/gcc-9-HskZEa/gcc-9-9.3.0/debian/tmp-nvptx/usr,hsa --without-cuda-driver --enable-checking=release --build=x86_64-linux-gnu --host=x86_64-linux-gnu --target=x86_64-linux-gnu
Thread model: posix
gcc version 9.3.0 (Ubuntu 9.3.0-17ubuntu1~20.04) 
configure:9167: $? = 0
configure:9156: gcc -V >&5
gcc: error: unrecognized command line option '-V'
gcc: fatal error: no input files
compilation terminated.
configure:9167: $? = 1
configure:9156: gcc -qversion >&5
gcc: error: unrecognized command line option '-qversion'; did you mean '--version'?
gcc: fatal error: no input files
compilation terminated.
configure:9167: $? = 1
configure:9171: checking whether we are using the GNU C compiler
configure:9199: result: yes
configure:9208: checking whether gcc accepts -g
configure:9269: result: yes
configure:9286: checking for gcc option to accept ISO C89
configure:9362: result: none needed
configure:9387: checking whether gcc understands -c and -o together
configure:9424: result: yes
configure:9443: checking dependency style of gcc
configure:9554: result: gcc3
configure:9643: checking dependency style of gcc
configure:9754: result: gcc3
configure:9848: checking for namespace: CLONE_NEWPID
configure:9863: gcc -c -g -O2  conftest.c >&5
conftest.c:30: warning: "_GNU_SOURCE" redefined
   30 | #define _GNU_SOURCE
      | 
conftest.c:22: note: this is the location of the previous definition
   22 | #define _GNU_SOURCE 1
      | 
configure:9863: $? = 0
configure:9865: result: yes
configure:9879: checking for namespace: CLONE_PID
configure:9894: gcc -c -g -O2  conftest.c >&5
conftest.c:30: warning: "_GNU_SOURCE" redefined
   30 | #define _GNU_SOURCE
      | 
conftest.c:22: note: this is the location of the previous definition
   22 | #define _GNU_SOURCE 1
      | 
conftest.c: In function 'main':
conftest.c:36:9: error: 'CLONE_PID' undeclared (first use in this function); did you mean 'CLONE_PIDFD'?
   36 | unshare(CLONE_PID);
      |         ^~~~~~~~~
      |         CLONE_PIDFD
conftest.c:36:9: note: each undeclared identifier is reported only once for each function it appears in
configure:9894: $? = 1
configure: failed program was:
| /* confdefs.h */
| #define PACKAGE_NAME "singularity"
| #define PACKAGE_TARNAME "singularity"
| #define PACKAGE_VERSION "2.5.0"
| #define PACKAGE_STRING "singularity 2.5.0"
| #define PACKAGE_BUGREPORT "gmkurtzer@gmail.com"
| #define PACKAGE_URL ""
| #define PACKAGE "singularity"
| #define VERSION "2.5.0"
| #define STDC_HEADERS 1
| #define HAVE_SYS_TYPES_H 1
| #define HAVE_SYS_STAT_H 1
| #define HAVE_STDLIB_H 1
| #define HAVE_STRING_H 1
| #define HAVE_MEMORY_H 1
| #define HAVE_STRINGS_H 1
| #define HAVE_INTTYPES_H 1
| #define HAVE_STDINT_H 1
| #define HAVE_UNISTD_H 1
| #define __EXTENSIONS__ 1
| #define _ALL_SOURCE 1
| #define _GNU_SOURCE 1
| #define _POSIX_PTHREAD_SEMANTICS 1
| #define _TANDEM_SOURCE 1
| #define HAVE_DLFCN_H 1
| #define LT_OBJDIR ".libs/"
| #define PACKAGE "singularity"
| #define VERSION "2.5.0"
| /* end confdefs.h.  */
| #define _GNU_SOURCE
|                                      #include <sched.h>
| 
| int
| main ()
| {
| unshare(CLONE_PID);
|   ;
|   return 0;
| }
configure:9902: result: no
configure:9910: checking for namespace: CLONE_FS
configure:9925: gcc -c -g -O2  conftest.c >&5
conftest.c:30: warning: "_GNU_SOURCE" redefined
   30 | #define _GNU_SOURCE
      | 
conftest.c:22: note: this is the location of the previous definition
   22 | #define _GNU_SOURCE 1
      | 
configure:9925: $? = 0
configure:9927: result: yes
configure:9941: checking for namespace: CLONE_NEWNS
configure:9956: gcc -c -g -O2  conftest.c >&5
conftest.c:30: warning: "_GNU_SOURCE" redefined
   30 | #define _GNU_SOURCE
      | 
conftest.c:22: note: this is the location of the previous definition
   22 | #define _GNU_SOURCE 1
      | 
configure:9956: $? = 0
configure:9958: result: yes
configure:9980: checking for namespace: CLONE_NEWUSER
configure:9995: gcc -c -g -O2  conftest.c >&5
conftest.c:30: warning: "_GNU_SOURCE" redefined
   30 | #define _GNU_SOURCE
      | 
conftest.c:22: note: this is the location of the previous definition
   22 | #define _GNU_SOURCE 1
      | 
configure:9995: $? = 0
configure:9997: result: yes
configure:10011: checking for namespace: CLONE_NEWIPC
configure:10026: gcc -c -g -O2  conftest.c >&5
conftest.c:30: warning: "_GNU_SOURCE" redefined
   30 | #define _GNU_SOURCE
      | 
conftest.c:22: note: this is the location of the previous definition
   22 | #define _GNU_SOURCE 1
      | 
configure:10026: $? = 0
configure:10028: result: yes
configure:10041: checking for namespace: CLONE_NEWNET
configure:10056: gcc -c -g -O2  conftest.c >&5
conftest.c:30: warning: "_GNU_SOURCE" redefined
   30 | #define _GNU_SOURCE
      | 
conftest.c:22: note: this is the location of the previous definition
   22 | #define _GNU_SOURCE 1
      | 
configure:10056: $? = 0
configure:10058: result: yes
configure:10071: checking for feature: NO_NEW_PRIVS
configure:10087: gcc -c -g -O2  conftest.c >&5
configure:10087: $? = 0
configure:10089: result: yes
configure:10103: checking for feature: MS_SLAVE
configure:10121: gcc -c -g -O2  conftest.c >&5
configure:10121: $? = 0
configure:10123: result: yes
configure:10136: checking for feature: MS_REC
configure:10154: gcc -c -g -O2  conftest.c >&5
configure:10154: $? = 0
configure:10156: result: yes
configure:10175: checking for feature: MS_PRIVATE
configure:10193: gcc -c -g -O2  conftest.c >&5
configure:10193: $? = 0
configure:10195: result: yes
configure:10230: checking for setns
configure:10230: gcc -o conftest -g -O2   -Wl,-rpath -Wl,$(libdir) conftest.c  >&5
configure:10230: $? = 0
configure:10230: result: yes
configure:10264: checking for mksquashfs
configure:10280: found /usr/bin/mksquashfs
configure:10292: result: yes
configure:10320: checking for python
configure:10336: found /home/calogero/miniconda3/bin/python
configure:10347: result: yes
configure:10361: checking for the base64 python module
configure:10365: result: yes
configure:10361: checking for the datetime python module
configure:10365: result: yes
configure:10361: checking for the glob python module
configure:10365: result: yes
configure:10361: checking for the hashlib python module
configure:10365: result: yes
configure:10361: checking for the io python module
configure:10365: result: yes
configure:10361: checking for the itertools python module
configure:10365: result: yes
configure:10361: checking for the json python module
configure:10365: result: yes
configure:10361: checking for the math python module
configure:10365: result: yes
configure:10361: checking for the multiprocessing python module
configure:10365: result: yes
configure:10361: checking for the pickle python module
configure:10365: result: yes
configure:10361: checking for the pwd python module
configure:10365: result: yes
configure:10361: checking for the re python module
configure:10365: result: yes
configure:10361: checking for the shutil python module
configure:10365: result: yes
configure:10361: checking for the signal python module
configure:10365: result: yes
configure:10361: checking for the subprocess python module
configure:10365: result: yes
configure:10361: checking for the stat python module
configure:10365: result: yes
configure:10361: checking for the sys python module
configure:10365: result: yes
configure:10361: checking for the tarfile python module
configure:10365: result: yes
configure:10361: checking for the tempfile python module
configure:10365: result: yes
configure:10361: checking for the time python module
configure:10365: result: yes
configure:10378: checking --with-slurm
configure:10397: result: no
configure:10404: checking if suid should be enabled
configure:10414: result: yes
configure:10429: checking for git version
configure:10440: result: -HEAD.gb1420f0e4
configure:10469: checking archive.h usability
configure:10469: gcc -c -g -O2  conftest.c >&5
configure:10469: $? = 0
configure:10469: result: yes
configure:10469: checking archive.h presence
configure:10469: gcc -E  conftest.c
configure:10469: $? = 0
configure:10469: result: yes
configure:10469: checking for archive.h
configure:10469: result: yes
configure:10482: checking for library containing archive_read_new
configure:10513: gcc -o conftest -g -O2   -Wl,-rpath -Wl,$(libdir) conftest.c  >&5
/usr/bin/ld: /tmp/ccpGmaWf.o: in function `main':
/home/calogero/Documents/DeepLearningItalia/nlp-hands-on-2/singularity/conftest.c:47: undefined reference to `archive_read_new'
collect2: error: ld returned 1 exit status
configure:10513: $? = 1
configure: failed program was:
| /* confdefs.h */
| #define PACKAGE_NAME "singularity"
| #define PACKAGE_TARNAME "singularity"
| #define PACKAGE_VERSION "2.5.0"
| #define PACKAGE_STRING "singularity 2.5.0"
| #define PACKAGE_BUGREPORT "gmkurtzer@gmail.com"
| #define PACKAGE_URL ""
| #define PACKAGE "singularity"
| #define VERSION "2.5.0"
| #define STDC_HEADERS 1
| #define HAVE_SYS_TYPES_H 1
| #define HAVE_SYS_STAT_H 1
| #define HAVE_STDLIB_H 1
| #define HAVE_STRING_H 1
| #define HAVE_MEMORY_H 1
| #define HAVE_STRINGS_H 1
| #define HAVE_INTTYPES_H 1
| #define HAVE_STDINT_H 1
| #define HAVE_UNISTD_H 1
| #define __EXTENSIONS__ 1
| #define _ALL_SOURCE 1
| #define _GNU_SOURCE 1
| #define _POSIX_PTHREAD_SEMANTICS 1
| #define _TANDEM_SOURCE 1
| #define HAVE_DLFCN_H 1
| #define LT_OBJDIR ".libs/"
| #define PACKAGE "singularity"
| #define VERSION "2.5.0"
| #define HAVE_SETNS 1
| #define CONTAINER_MOUNTDIR LOCALSTATEDIR "/singularity/mnt/container"
| #define CONTAINER_FINALDIR LOCALSTATEDIR "/singularity/mnt/final"
| #define CONTAINER_OVERLAY LOCALSTATEDIR "/singularity/mnt/overlay"
| #define SESSIONDIR LOCALSTATEDIR "/singularity/mnt/session"
| #define HAVE_ARCHIVE_H 1
| /* end confdefs.h.  */
| 
| /* Override any GCC internal prototype to avoid an error.
|    Use char because int might match the return type of a GCC
|    builtin and then its argument prototype would still apply.  */
| #ifdef __cplusplus
| extern "C"
| #endif
| char archive_read_new ();
| int
| main ()
| {
| return archive_read_new ();
|   ;
|   return 0;
| }
configure:10513: gcc -o conftest -g -O2   -Wl,-rpath -Wl,$(libdir) conftest.c -larchive   >&5
configure:10513: $? = 0
configure:10530: result: -larchive
configure:10650: checking that generated files are newer than configure
configure:10656: result: done
configure:10699: creating ./config.status

## ---------------------- ##
## Running config.status. ##
## ---------------------- ##

This file was extended by singularity config.status 2.5.0, which was
generated by GNU Autoconf 2.69.  Invocation command line was

  CONFIG_FILES    = 
  CONFIG_HEADERS  = 
  CONFIG_LINKS    = 
  CONFIG_COMMANDS = 
  $ ./config.status 

on TeamZMART

config.status:1167: creating Makefile
config.status:1167: creating singularity.spec
config.status:1167: creating test.sh
config.status:1167: creating src/Makefile
config.status:1167: creating src/lib/Makefile
config.status:1167: creating src/lib/runtime/Makefile
config.status:1167: creating src/lib/runtime/ns/Makefile
config.status:1167: creating src/lib/runtime/ns/ipc/Makefile
config.status:1167: creating src/lib/runtime/ns/mnt/Makefile
config.status:1167: creating src/lib/runtime/ns/net/Makefile
config.status:1167: creating src/lib/runtime/ns/pid/Makefile
config.status:1167: creating src/lib/runtime/files/Makefile
config.status:1167: creating src/lib/runtime/files/group/Makefile
config.status:1167: creating src/lib/runtime/files/passwd/Makefile
config.status:1167: creating src/lib/runtime/files/resolvconf/Makefile
config.status:1167: creating src/lib/runtime/files/libs/Makefile
config.status:1167: creating src/lib/runtime/mounts/Makefile
config.status:1167: creating src/lib/runtime/mounts/cwd/Makefile
config.status:1167: creating src/lib/runtime/mounts/dev/Makefile
config.status:1167: creating src/lib/runtime/mounts/binds/Makefile
config.status:1167: creating src/lib/runtime/mounts/home/Makefile
config.status:1167: creating src/lib/runtime/mounts/hostfs/Makefile
config.status:1167: creating src/lib/runtime/mounts/kernelfs/Makefile
config.status:1167: creating src/lib/runtime/mounts/tmp/Makefile
config.status:1167: creating src/lib/runtime/mounts/userbinds/Makefile
config.status:1167: creating src/lib/runtime/mounts/scratch/Makefile
config.status:1167: creating src/lib/runtime/enter/Makefile
config.status:1167: creating src/lib/runtime/enter/chroot/Makefile
config.status:1167: creating src/lib/runtime/environment/Makefile
config.status:1167: creating src/lib/runtime/overlayfs/Makefile
config.status:1167: creating src/lib/runtime/autofs/Makefile
config.status:1167: creating src/lib/image/Makefile
config.status:1167: creating src/lib/image/squashfs/Makefile
config.status:1167: creating src/lib/image/dir/Makefile
config.status:1167: creating src/lib/image/ext3/Makefile
config.status:1167: creating src/action-lib/Makefile
config.status:1167: creating src/bootstrap-lib/Makefile
config.status:1167: creating src/util/Makefile
config.status:1167: creating src/util/config_defaults.h
config.status:1167: creating etc/Makefile
config.status:1167: creating bin/Makefile
config.status:1167: creating bin/singularity
config.status:1167: creating man/Makefile
config.status:1167: creating libexec/Makefile
config.status:1167: creating libexec/bootstrap-scripts/Makefile
config.status:1167: creating libexec/bootstrap-scripts/environment/Makefile
config.status:1167: creating libexec/cli/Makefile
config.status:1167: creating libexec/handlers/Makefile
config.status:1167: creating libexec/helpers/Makefile
config.status:1167: creating libexec/helpers/apps/Makefile
config.status:1167: creating libexec/helpers/checks/Makefile
config.status:1167: creating libexec/python/Makefile
config.status:1167: creating libexec/python/docker/Makefile
config.status:1167: creating libexec/python/shub/Makefile
config.status:1167: creating libexec/python/helpers/Makefile
config.status:1167: creating libexec/python/helpers/json/Makefile
config.status:1167: creating src/config.h
config.status:1396: executing depfiles commands
config.status:1473: cd src       && sed -e '/# am--include-marker/d' Makefile         | make -f - am--depfiles
config.status:1478: $? = 0
config.status:1473: cd src/lib/runtime       && sed -e '/# am--include-marker/d' Makefile         | make -f - am--depfiles
config.status:1478: $? = 0
config.status:1473: cd src/lib/runtime/ns       && sed -e '/# am--include-marker/d' Makefile         | make -f - am--depfiles
config.status:1478: $? = 0
config.status:1473: cd src/lib/runtime/ns/ipc       && sed -e '/# am--include-marker/d' Makefile         | make -f - am--depfiles
config.status:1478: $? = 0
config.status:1473: cd src/lib/runtime/ns/mnt       && sed -e '/# am--include-marker/d' Makefile         | make -f - am--depfiles
config.status:1478: $? = 0
config.status:1473: cd src/lib/runtime/ns/net       && sed -e '/# am--include-marker/d' Makefile         | make -f - am--depfiles
config.status:1478: $? = 0
config.status:1473: cd src/lib/runtime/ns/pid       && sed -e '/# am--include-marker/d' Makefile         | make -f - am--depfiles
config.status:1478: $? = 0
config.status:1473: cd src/lib/runtime/files       && sed -e '/# am--include-marker/d' Makefile         | make -f - am--depfiles
config.status:1478: $? = 0
config.status:1473: cd src/lib/runtime/files/group       && sed -e '/# am--include-marker/d' Makefile         | make -f - am--depfiles
config.status:1478: $? = 0
config.status:1473: cd src/lib/runtime/files/passwd       && sed -e '/# am--include-marker/d' Makefile         | make -f - am--depfiles
config.status:1478: $? = 0
config.status:1473: cd src/lib/runtime/files/resolvconf       && sed -e '/# am--include-marker/d' Makefile         | make -f - am--depfiles
config.status:1478: $? = 0
config.status:1473: cd src/lib/runtime/files/libs       && sed -e '/# am--include-marker/d' Makefile         | make -f - am--depfiles
config.status:1478: $? = 0
config.status:1473: cd src/lib/runtime/mounts       && sed -e '/# am--include-marker/d' Makefile         | make -f - am--depfiles
config.status:1478: $? = 0
config.status:1473: cd src/lib/runtime/mounts/cwd       && sed -e '/# am--include-marker/d' Makefile         | make -f - am--depfiles
config.status:1478: $? = 0
config.status:1473: cd src/lib/runtime/mounts/dev       && sed -e '/# am--include-marker/d' Makefile         | make -f - am--depfiles
config.status:1478: $? = 0
config.status:1473: cd src/lib/runtime/mounts/binds       && sed -e '/# am--include-marker/d' Makefile         | make -f - am--depfiles
config.status:1478: $? = 0
config.status:1473: cd src/lib/runtime/mounts/home       && sed -e '/# am--include-marker/d' Makefile         | make -f - am--depfiles
config.status:1478: $? = 0
config.status:1473: cd src/lib/runtime/mounts/hostfs       && sed -e '/# am--include-marker/d' Makefile         | make -f - am--depfiles
config.status:1478: $? = 0
config.status:1473: cd src/lib/runtime/mounts/kernelfs       && sed -e '/# am--include-marker/d' Makefile         | make -f - am--depfiles
config.status:1478: $? = 0
config.status:1473: cd src/lib/runtime/mounts/tmp       && sed -e '/# am--include-marker/d' Makefile         | make -f - am--depfiles
config.status:1478: $? = 0
config.status:1473: cd src/lib/runtime/mounts/userbinds       && sed -e '/# am--include-marker/d' Makefile         | make -f - am--depfiles
config.status:1478: $? = 0
config.status:1473: cd src/lib/runtime/mounts/scratch       && sed -e '/# am--include-marker/d' Makefile         | make -f - am--depfiles
config.status:1478: $? = 0
config.status:1473: cd src/lib/runtime/enter       && sed -e '/# am--include-marker/d' Makefile         | make -f - am--depfiles
config.status:1478: $? = 0
config.status:1473: cd src/lib/runtime/enter/chroot       && sed -e '/# am--include-marker/d' Makefile         | make -f - am--depfiles
config.status:1478: $? = 0
config.status:1473: cd src/lib/runtime/environment       && sed -e '/# am--include-marker/d' Makefile         | make -f - am--depfiles
config.status:1478: $? = 0
config.status:1473: cd src/lib/runtime/overlayfs       && sed -e '/# am--include-marker/d' Makefile         | make -f - am--depfiles
config.status:1478: $? = 0
config.status:1473: cd src/lib/runtime/autofs       && sed -e '/# am--include-marker/d' Makefile         | make -f - am--depfiles
config.status:1478: $? = 0
config.status:1473: cd src/lib/image       && sed -e '/# am--include-marker/d' Makefile         | make -f - am--depfiles
config.status:1478: $? = 0
config.status:1473: cd src/lib/image/squashfs       && sed -e '/# am--include-marker/d' Makefile         | make -f - am--depfiles
config.status:1478: $? = 0
config.status:1473: cd src/lib/image/dir       && sed -e '/# am--include-marker/d' Makefile         | make -f - am--depfiles
config.status:1478: $? = 0
config.status:1473: cd src/lib/image/ext3       && sed -e '/# am--include-marker/d' Makefile         | make -f - am--depfiles
config.status:1478: $? = 0
config.status:1473: cd src/action-lib       && sed -e '/# am--include-marker/d' Makefile         | make -f - am--depfiles
config.status:1478: $? = 0
config.status:1473: cd src/bootstrap-lib       && sed -e '/# am--include-marker/d' Makefile         | make -f - am--depfiles
config.status:1478: $? = 0
config.status:1396: executing libtool commands

## ---------------- ##
## Cache variables. ##
## ---------------- ##

ac_cv_build=x86_64-pc-linux-gnu
ac_cv_c_compiler_gnu=yes
ac_cv_env_CC_set=
ac_cv_env_CC_value=
ac_cv_env_CFLAGS_set=
ac_cv_env_CFLAGS_value=
ac_cv_env_CPPFLAGS_set=
ac_cv_env_CPPFLAGS_value=
ac_cv_env_CPP_set=
ac_cv_env_CPP_value=
ac_cv_env_LDFLAGS_set=
ac_cv_env_LDFLAGS_value=
ac_cv_env_LIBS_set=
ac_cv_env_LIBS_value=
ac_cv_env_LT_SYS_LIBRARY_PATH_set=
ac_cv_env_LT_SYS_LIBRARY_PATH_value=
ac_cv_env_build_alias_set=
ac_cv_env_build_alias_value=
ac_cv_env_host_alias_set=
ac_cv_env_host_alias_value=
ac_cv_env_target_alias_set=
ac_cv_env_target_alias_value=
ac_cv_func_setns=yes
ac_cv_header_archive_h=yes
ac_cv_header_dlfcn_h=yes
ac_cv_header_inttypes_h=yes
ac_cv_header_memory_h=yes
ac_cv_header_minix_config_h=no
ac_cv_header_stdc=yes
ac_cv_header_stdint_h=yes
ac_cv_header_stdlib_h=yes
ac_cv_header_string_h=yes
ac_cv_header_strings_h=yes
ac_cv_header_sys_stat_h=yes
ac_cv_header_sys_types_h=yes
ac_cv_header_unistd_h=yes
ac_cv_host=x86_64-pc-linux-gnu
ac_cv_objext=o
ac_cv_path_EGREP='/usr/bin/grep -E'
ac_cv_path_FGREP='/usr/bin/grep -F'
ac_cv_path_GREP=/usr/bin/grep
ac_cv_path_SED=/usr/bin/sed
ac_cv_path_install='/usr/bin/install -c'
ac_cv_path_lt_DD=/usr/bin/dd
ac_cv_path_mkdir=/usr/bin/mkdir
ac_cv_prog_AWK=mawk
ac_cv_prog_CPP='gcc -E'
ac_cv_prog_PYTHON_CHECK=yes
ac_cv_prog_ac_ct_AR=ar
ac_cv_prog_ac_ct_CC=gcc
ac_cv_prog_ac_ct_MANIFEST_TOOL=mt
ac_cv_prog_ac_ct_OBJDUMP=objdump
ac_cv_prog_ac_ct_RANLIB=ranlib
ac_cv_prog_ac_ct_STRIP=strip
ac_cv_prog_cc_c89=
ac_cv_prog_cc_g=yes
ac_cv_prog_make_make_set=yes
ac_cv_prog_mksquashfs=yes
ac_cv_safe_to_define___extensions__=yes
ac_cv_search_archive_read_new=-larchive
ac_cv_target=x86_64-pc-linux-gnu
am_cv_CC_dependencies_compiler_type=gcc3
am_cv_make_support_nested_variables=yes
am_cv_prog_cc_c_o=yes
lt_cv_ar_at_file=@
lt_cv_archive_cmds_need_lc=no
lt_cv_deplibs_check_method=pass_all
lt_cv_file_magic_cmd='$MAGIC_CMD'
lt_cv_file_magic_test_file=
lt_cv_ld_reload_flag=-r
lt_cv_nm_interface='BSD nm'
lt_cv_objdir=.libs
lt_cv_path_LD=/usr/bin/ld
lt_cv_path_NM='/usr/bin/nm -B'
lt_cv_path_mainfest_tool=no
lt_cv_prog_compiler_c_o=yes
lt_cv_prog_compiler_pic='-fPIC -DPIC'
lt_cv_prog_compiler_pic_works=yes
lt_cv_prog_compiler_rtti_exceptions=no
lt_cv_prog_compiler_static_works=yes
lt_cv_prog_gnu_ld=yes
lt_cv_sharedlib_from_linklib_cmd='printf %s\n'
lt_cv_shlibpath_overrides_runpath=yes
lt_cv_sys_global_symbol_pipe='sed -n -e '\''s/^.*[	 ]\([ABCDGIRSTW][ABCDGIRSTW]*\)[	 ][	 ]*\([_A-Za-z][_A-Za-z0-9]*\)$/\1 \2 \2/p'\'' | sed '\''/ __gnu_lto/d'\'''
lt_cv_sys_global_symbol_to_c_name_address='sed -n -e '\''s/^: \(.*\) .*$/  {"\1", (void *) 0},/p'\'' -e '\''s/^[ABCDGIRSTW][ABCDGIRSTW]* .* \(.*\)$/  {"\1", (void *) \&\1},/p'\'''
lt_cv_sys_global_symbol_to_c_name_address_lib_prefix='sed -n -e '\''s/^: \(.*\) .*$/  {"\1", (void *) 0},/p'\'' -e '\''s/^[ABCDGIRSTW][ABCDGIRSTW]* .* \(lib.*\)$/  {"\1", (void *) \&\1},/p'\'' -e '\''s/^[ABCDGIRSTW][ABCDGIRSTW]* .* \(.*\)$/  {"lib\1", (void *) \&\1},/p'\'''
lt_cv_sys_global_symbol_to_cdecl='sed -n -e '\''s/^T .* \(.*\)$/extern int \1();/p'\'' -e '\''s/^[ABCDGIRSTW][ABCDGIRSTW]* .* \(.*\)$/extern char \1;/p'\'''
lt_cv_sys_global_symbol_to_import=
lt_cv_sys_max_cmd_len=1572864
lt_cv_to_host_file_cmd=func_convert_file_noop
lt_cv_to_tool_file_cmd=func_convert_file_noop
lt_cv_truncate_bin='/usr/bin/dd bs=4096 count=1'

## ----------------- ##
## Output variables. ##
## ----------------- ##

ACLOCAL='${SHELL} /home/calogero/Documents/DeepLearningItalia/nlp-hands-on-2/singularity/missing aclocal-1.16'
AMDEPBACKSLASH='\'
AMDEP_FALSE='#'
AMDEP_TRUE=''
AMTAR='$${TAR-tar}'
AM_BACKSLASH='\'
AM_DEFAULT_V='$(AM_DEFAULT_VERBOSITY)'
AM_DEFAULT_VERBOSITY='1'
AM_V='$(V)'
AR='ar'
AUTOCONF='${SHELL} /home/calogero/Documents/DeepLearningItalia/nlp-hands-on-2/singularity/missing autoconf'
AUTOHEADER='${SHELL} /home/calogero/Documents/DeepLearningItalia/nlp-hands-on-2/singularity/missing autoheader'
AUTOMAKE='${SHELL} /home/calogero/Documents/DeepLearningItalia/nlp-hands-on-2/singularity/missing automake-1.16'
AWK='mawk'
BUILD_SUID='action-suid start-suid mount-suid'
CC='gcc'
CCDEPMODE='depmode=gcc3'
CFLAGS='-g -O2'
CONTAINER_FINALDIR='${prefix}/var/singularity/mnt/final'
CONTAINER_MOUNTDIR='${prefix}/var/singularity/mnt/container'
CONTAINER_OVERLAY='${prefix}/var/singularity/mnt/overlay'
CPP='gcc -E'
CPPFLAGS=''
CYGPATH_W='echo'
DEFS='-DHAVE_CONFIG_H'
DEPDIR='.deps'
DLLTOOL='false'
DSYMUTIL=''
DUMPBIN=''
ECHO_C=''
ECHO_N='-n'
ECHO_T=''
EGREP='/usr/bin/grep -E'
EXEEXT=''
FGREP='/usr/bin/grep -F'
FOUND_MKSQUASHFS_FALSE='#'
FOUND_MKSQUASHFS_TRUE=''
GIT_VERSION='-HEAD.gb1420f0e4'
GREP='/usr/bin/grep'
INSTALL_DATA='${INSTALL} -m 644'
INSTALL_PROGRAM='${INSTALL}'
INSTALL_SCRIPT='${INSTALL}'
INSTALL_STRIP_PROGRAM='$(install_sh) -c -s'
LD='/usr/bin/ld -m elf_x86_64'
LDFLAGS=' -Wl,-rpath -Wl,$(libdir)'
LIBOBJS=''
LIBS=''
LIBTOOL='$(SHELL) $(top_builddir)/libtool'
LIPO=''
LN_S='ln -s'
LTLIBOBJS=''
LT_SYS_LIBRARY_PATH=''
MAKEINFO='${SHELL} /home/calogero/Documents/DeepLearningItalia/nlp-hands-on-2/singularity/missing makeinfo'
MANIFEST_TOOL=':'
MKDIR_P='/usr/bin/mkdir -p'
NM='/usr/bin/nm -B'
NMEDIT=''
OBJDUMP='objdump'
OBJEXT='o'
OTOOL64=''
OTOOL=''
PACKAGE='singularity'
PACKAGE_BUGREPORT='gmkurtzer@gmail.com'
PACKAGE_NAME='singularity'
PACKAGE_STRING='singularity 2.5.0'
PACKAGE_TARNAME='singularity'
PACKAGE_URL=''
PACKAGE_VERSION='2.5.0'
PATH_SEPARATOR=':'
PREFIX='/usr/local'
PYTHON_CHECK='yes'
RANLIB='ranlib'
SED='/usr/bin/sed'
SESSIONDIR='${prefix}/var/singularity/mnt/session'
SET_MAKE=''
SHELL='/bin/bash'
SINGULARITY_ARCH='x86_64'
SINGULARITY_DEFINES=' -DNS_CLONE_NEWPID -DNS_CLONE_FS -DNS_CLONE_NEWNS -DNS_CLONE_NEWUSER -DNS_CLONE_NEWIPC -DNS_CLONE_NEWNET -DSINGULARITY_NO_NEW_PRIVS -DSINGULARITY_MS_SLAVE'
STRIP='strip'
USER_NS=''
VERSION='2.5.0'
ac_ct_AR='ar'
ac_ct_CC='gcc'
ac_ct_DUMPBIN=''
am__EXEEXT_FALSE=''
am__EXEEXT_TRUE='#'
am__fastdepCC_FALSE='#'
am__fastdepCC_TRUE=''
am__include='include'
am__isrc=''
am__leading_dot='.'
am__nodep='_no'
am__quote=''
am__tar='$${TAR-tar} chof - "$$tardir"'
am__untar='$${TAR-tar} xf -'
bindir='${exec_prefix}/bin'
build='x86_64-pc-linux-gnu'
build_alias=''
build_cpu='x86_64'
build_os='linux-gnu'
build_vendor='pc'
datadir='${datarootdir}'
datarootdir='${prefix}/share'
docdir='${datarootdir}/doc/${PACKAGE_TARNAME}'
dvidir='${docdir}'
exec_prefix='${prefix}'
host='x86_64-pc-linux-gnu'
host_alias=''
host_cpu='x86_64'
host_os='linux-gnu'
host_vendor='pc'
htmldir='${docdir}'
includedir='${prefix}/include'
infodir='${datarootdir}/info'
install_sh='${SHELL} /home/calogero/Documents/DeepLearningItalia/nlp-hands-on-2/singularity/install-sh'
libdir='${exec_prefix}/lib'
libexecdir='${exec_prefix}/libexec'
localedir='${datarootdir}/locale'
localstatedir='${prefix}/var'
mandir='${datarootdir}/man'
mkdir_p='$(MKDIR_P)'
mksquashfs='yes'
oldincludedir='/usr/include'
pdfdir='${docdir}'
prefix='/usr/local'
program_transform_name='s,x,x,'
psdir='${docdir}'
runstatedir='${localstatedir}/run'
sbindir='${exec_prefix}/sbin'
sharedstatedir='${prefix}/com'
sysconfdir='/etc'
target='x86_64-pc-linux-gnu'
target_alias=''
target_cpu='x86_64'
target_os='linux-gnu'
target_vendor='pc'

## ----------- ##
## confdefs.h. ##
## ----------- ##

/* confdefs.h */
#define PACKAGE_NAME "singularity"
#define PACKAGE_TARNAME "singularity"
#define PACKAGE_VERSION "2.5.0"
#define PACKAGE_STRING "singularity 2.5.0"
#define PACKAGE_BUGREPORT "gmkurtzer@gmail.com"
#define PACKAGE_URL ""
#define PACKAGE "singularity"
#define VERSION "2.5.0"
#define STDC_HEADERS 1
#define HAVE_SYS_TYPES_H 1
#define HAVE_SYS_STAT_H 1
#define HAVE_STDLIB_H 1
#define HAVE_STRING_H 1
#define HAVE_MEMORY_H 1
#define HAVE_STRINGS_H 1
#define HAVE_INTTYPES_H 1
#define HAVE_STDINT_H 1
#define HAVE_UNISTD_H 1
#define __EXTENSIONS__ 1
#define _ALL_SOURCE 1
#define _GNU_SOURCE 1
#define _POSIX_PTHREAD_SEMANTICS 1
#define _TANDEM_SOURCE 1
#define HAVE_DLFCN_H 1
#define LT_OBJDIR ".libs/"
#define PACKAGE "singularity"
#define VERSION "2.5.0"
#define HAVE_SETNS 1
#define CONTAINER_MOUNTDIR LOCALSTATEDIR "/singularity/mnt/container"
#define CONTAINER_FINALDIR LOCALSTATEDIR "/singularity/mnt/final"
#define CONTAINER_OVERLAY LOCALSTATEDIR "/singularity/mnt/overlay"
#define SESSIONDIR LOCALSTATEDIR "/singularity/mnt/session"
#define HAVE_ARCHIVE_H 1

configure: exit 0
